Student Grade Summary
---------------------

ENGLISH CLASS

Student                                   Final   Final   Letter
Name                                      Exam    Avg     Grade
----------------------------------------------------------------
Monica Lewinsky                           78      71.39   C     
Joe Schmuckatelli                         90      84.25   B     


HISTORY CLASS

Student                                   Final   Final   Letter
Name                                      Exam    Avg     Grade
----------------------------------------------------------------
Marvin Dipwart                            88      80.3    B     
James T. Kirk                             88      80.8    B     


MATH CLASS

Student                                   Final   Final   Letter
Name                                      Exam    Avg     Grade
----------------------------------------------------------------
Bugs Bunny                                93      94.83   A     
Jimmy Crack Corn                          68      65.33   C     


OVERALL GRADE DISTRIBUTION
A: 2
B: 6
C: 4
D: 0
E: 0

